/vol/synopsys/fpga/O-2018.09-SP1/bin/m_altera  -prodtype  synplify_premier  -encrypt  -pro  -rundir  /home/dcc3637/Courses/CE_387/assignment4/uvm/sv/rev_1   -part EP4CE115FI29-7    -maxfan 30 -verification_mode 0 -infer_seqShift -pipe -fixgatedclocks 1 -fixgeneratedclocks 1 -syn_altera_model on -mif_files_dirs " " -synthesis_strategy advanced -continue_on_error -validate_mif_files -reporting_ctd 0 -RWCheckOnRam 1 -summaryfile /home/dcc3637/Courses/CE_387/assignment4/uvm/sv/rev_1/synlog/report/sobel_fpga_mapper.xml -merge_inferred_clocks 0  -map  -licensetype  synplifypremierdp  -flow mapping  -mp  4  -prjfile  /home/dcc3637/Courses/CE_387/assignment4/uvm/sv/rev_1/scratchproject.prs  -implementation  rev_1  -multisrs  -vqm41  -ovqm  /home/dcc3637/Courses/CE_387/assignment4/uvm/sv/rev_1/sobel.vqm   -autoconstraint  -freq 1.000   /home/dcc3637/Courses/CE_387/assignment4/uvm/sv/rev_1/synwork/sobel_prem.srd  -sap  /home/dcc3637/Courses/CE_387/assignment4/uvm/sv/rev_1/sobel.sap  -otap  /home/dcc3637/Courses/CE_387/assignment4/uvm/sv/rev_1/sobel.tap  -omap  /home/dcc3637/Courses/CE_387/assignment4/uvm/sv/rev_1/sobel.map  -devicelib  /vol/synopsys/fpga/O-2018.09-SP1/lib/altera/altera.v  -devicelib  /vol/synopsys/fpga/O-2018.09-SP1/lib/altera/quartus_prime181/cycloneive.v  -devicelib  /vol/synopsys/fpga/O-2018.09-SP1/lib/altera/quartus_prime181/altera_mf.v  -devicelib  /vol/synopsys/fpga/O-2018.09-SP1/lib/altera/quartus_prime181/altera_lpm.v  -devicelib  /vol/synopsys/fpga/O-2018.09-SP1/lib/altera/quartus_prime181/altera_primitives.v  -sap  /home/dcc3637/Courses/CE_387/assignment4/uvm/sv/rev_1/sobel.sap  -ologparam  /home/dcc3637/Courses/CE_387/assignment4/uvm/sv/rev_1/syntmp/sobel.plg  -osyn  /home/dcc3637/Courses/CE_387/assignment4/uvm/sv/rev_1/sobel.srm  -prjdir  /home/dcc3637/Courses/CE_387/assignment4/uvm/sv/  -prjname  proj_1  -log  /home/dcc3637/Courses/CE_387/assignment4/uvm/sv/rev_1/synlog/sobel_fpga_mapper.srr  -sn  2018.09  -jobname  "fpga_mapper" 
relcom:/vol/synopsys/fpga/O-2018.09-SP1/bin/m_altera -prodtype synplify_premier -encrypt -pro -rundir ../../rev_1 -part EP4CE115FI29-7 -maxfan 30 -verification_mode 0 -infer_seqShift -pipe -fixgatedclocks 1 -fixgeneratedclocks 1 -syn_altera_model on -mif_files_dirs " " -synthesis_strategy advanced -continue_on_error -validate_mif_files -reporting_ctd 0 -RWCheckOnRam 1 -summaryfile ../synlog/report/sobel_fpga_mapper.xml -merge_inferred_clocks 0 -map -licensetype synplifypremierdp -flow mapping -mp 4 -prjfile ../scratchproject.prs -implementation rev_1 -multisrs -vqm41 -ovqm ../sobel.vqm -autoconstraint -freq 1.000 ../synwork/sobel_prem.srd -sap ../sobel.sap -otap ../sobel.tap -omap ../sobel.map -devicelib /vol/synopsys/fpga/O-2018.09-SP1/lib/altera/altera.v -devicelib /vol/synopsys/fpga/O-2018.09-SP1/lib/altera/quartus_prime181/cycloneive.v -devicelib /vol/synopsys/fpga/O-2018.09-SP1/lib/altera/quartus_prime181/altera_mf.v -devicelib /vol/synopsys/fpga/O-2018.09-SP1/lib/altera/quartus_prime181/altera_lpm.v -devicelib /vol/synopsys/fpga/O-2018.09-SP1/lib/altera/quartus_prime181/altera_primitives.v -sap ../sobel.sap -ologparam sobel.plg -osyn ../sobel.srm -prjdir ../../ -prjname proj_1 -log ../synlog/sobel_fpga_mapper.srr -sn 2018.09 -jobname "fpga_mapper"
rc:1 success:1 runtime:3
file:../scratchproject.prs|io:o|time:1738817037|size:2198|exec:0|csum:
file:../sobel.vqm|io:o|time:1738817046|size:353209|exec:0|csum:
file:../synwork/sobel_prem.srd|io:i|time:1738817042|size:25053|exec:0|csum:A85E33595AF46B6C465B2B0BE7008548
file:../sobel.sap|io:o|time:1738817043|size:1071|exec:0|csum:
file:../sobel.tap|io:o|time:0|size:-1|exec:0|csum:
file:../sobel.map|io:o|time:1738817046|size:27|exec:0|csum:
file:/vol/synopsys/fpga/O-2018.09-SP1/lib/altera/altera.v|io:i|time:1543381811|size:761|exec:0|csum:530DBF8BEE396EFE8B33F0255371F1EA
file:/vol/synopsys/fpga/O-2018.09-SP1/lib/altera/quartus_prime181/cycloneive.v|io:i|time:1543381840|size:248626|exec:0|csum:B7FC851277DB49C2CA5F418047EB2E4F
file:/vol/synopsys/fpga/O-2018.09-SP1/lib/altera/quartus_prime181/altera_mf.v|io:i|time:1543381839|size:2618882|exec:0|csum:84794777C52804010B1D63698E285DB9
file:/vol/synopsys/fpga/O-2018.09-SP1/lib/altera/quartus_prime181/altera_lpm.v|io:i|time:1543381839|size:14867|exec:0|csum:01D82E1D5975CD832C9D765243E5182D
file:/vol/synopsys/fpga/O-2018.09-SP1/lib/altera/quartus_prime181/altera_primitives.v|io:i|time:1543381839|size:35286|exec:0|csum:C0AAD8CA21730C472D624582C058B929
file:../sobel.sap|io:o|time:1738817043|size:1071|exec:0|csum:
file:sobel.plg|io:o|time:1738817046|size:810|exec:0|csum:
file:../sobel.srm|io:o|time:1738817046|size:58908|exec:0|csum:
file:../synlog/sobel_fpga_mapper.srr|io:o|time:1738817046|size:102613|exec:0|csum:
file:/vol/synopsys/fpga/O-2018.09-SP1/linux_a_64/m_altera|io:i|time:1543382473|size:31613712|exec:1|csum:5FBEB6EEDF3364EAF4B7F14711D19D39
file:/vol/synopsys/fpga/O-2018.09-SP1/bin/m_altera|io:i|time:1543381999|size:347|exec:1|csum:04851DFC0CBB288ED81DA3E420127D0D
