/vol/synopsys/fpga/O-2018.09-SP1/bin/c_hdl  -osyn  /home/dcc3637/Courses/CE_387/assignment4/uvm/sv/rev_1/synwork/sobel_comp.srs  -hdllog  /home/dcc3637/Courses/CE_387/assignment4/uvm/sv/rev_1/synlog/sobel_compiler.srr  -encrypt  -mp  4  -prodtype  synplify_premier  -licensetype  synplifypremierdp  -distcompmode 1 -verification_mode 0  -verilog  -prodtype  synplify_premier  -verification_mode 0 -infer_seqShift -primux -fixsmult -dspmac -nram -divnmod -continue_on_error -nostructver   -I /home/dcc3637/Courses/CE_387/assignment4/uvm/sv/  -I /vol/synopsys/fpga/O-2018.09-SP1/lib   -sysv  -devicelib  /vol/synopsys/fpga/O-2018.09-SP1/lib/altera/altera.v  -devicelib  /vol/synopsys/fpga/O-2018.09-SP1/lib/altera/quartus_prime181/cycloneive.v  -devicelib  /vol/synopsys/fpga/O-2018.09-SP1/lib/altera/quartus_prime181/altera_mf.v  -devicelib  /vol/synopsys/fpga/O-2018.09-SP1/lib/altera/quartus_prime181/altera_lpm.v  -devicelib  /vol/synopsys/fpga/O-2018.09-SP1/lib/altera/quartus_prime181/altera_primitives.v  -encrypt  -pro  -dmgen  /home/dcc3637/Courses/CE_387/assignment4/uvm/sv/rev_1/dm  -auto_infer_blackbox 0 -proto -ui -fid2 -ram -sharing on -ll 2000 -autosm  -D_MULTIPLE_FILE_COMPILATION_UNIT_  -fast_synthesis 0  -lib work -fsysv /home/dcc3637/Courses/CE_387/assignment4/uvm/sv/edge_detect_top.sv -lib work -fsysv /home/dcc3637/Courses/CE_387/assignment4/uvm/sv/fifo.sv -lib work -fsysv /home/dcc3637/Courses/CE_387/assignment4/uvm/sv/gray_scale.sv -lib work -fsysv /home/dcc3637/Courses/CE_387/assignment4/uvm/sv/manage_fifo.sv -lib work -fsysv /home/dcc3637/Courses/CE_387/assignment4/uvm/sv/sobel.sv  -jobname  "compiler" 
relcom:/vol/synopsys/fpga/O-2018.09-SP1/bin/c_hdl -osyn ../synwork/sobel_comp.srs -hdllog ../synlog/sobel_compiler.srr -encrypt -mp 4 -prodtype synplify_premier -licensetype synplifypremierdp -distcompmode 1 -verification_mode 0 -verilog -prodtype synplify_premier -verification_mode 0 -infer_seqShift -primux -fixsmult -dspmac -nram -divnmod -continue_on_error -nostructver -I ../../ -I /vol/synopsys/fpga/O-2018.09-SP1/lib -sysv -devicelib /vol/synopsys/fpga/O-2018.09-SP1/lib/altera/altera.v -devicelib /vol/synopsys/fpga/O-2018.09-SP1/lib/altera/quartus_prime181/cycloneive.v -devicelib /vol/synopsys/fpga/O-2018.09-SP1/lib/altera/quartus_prime181/altera_mf.v -devicelib /vol/synopsys/fpga/O-2018.09-SP1/lib/altera/quartus_prime181/altera_lpm.v -devicelib /vol/synopsys/fpga/O-2018.09-SP1/lib/altera/quartus_prime181/altera_primitives.v -encrypt -pro -dmgen ../dm -auto_infer_blackbox 0 -proto -ui -fid2 -ram -sharing on -ll 2000 -autosm -D_MULTIPLE_FILE_COMPILATION_UNIT_ -fast_synthesis 0 -lib work -fsysv ../../edge_detect_top.sv -lib work -fsysv ../../fifo.sv -lib work -fsysv ../../gray_scale.sv -lib work -fsysv ../../manage_fifo.sv -lib work -fsysv ../../sobel.sv -jobname "compiler"
rc:0 success:1 runtime:5
file:../synwork/sobel_comp.srs|io:o|time:1738817040|size:18989|exec:0|csum:
file:../synlog/sobel_compiler.srr|io:o|time:1738817041|size:13464|exec:0|csum:
file:/vol/synopsys/fpga/O-2018.09-SP1/lib/altera/altera.v|io:i|time:1543381811|size:761|exec:0|csum:530DBF8BEE396EFE8B33F0255371F1EA
file:/vol/synopsys/fpga/O-2018.09-SP1/lib/altera/quartus_prime181/cycloneive.v|io:i|time:1543381840|size:248626|exec:0|csum:B7FC851277DB49C2CA5F418047EB2E4F
file:/vol/synopsys/fpga/O-2018.09-SP1/lib/altera/quartus_prime181/altera_mf.v|io:i|time:1543381839|size:2618882|exec:0|csum:84794777C52804010B1D63698E285DB9
file:/vol/synopsys/fpga/O-2018.09-SP1/lib/altera/quartus_prime181/altera_lpm.v|io:i|time:1543381839|size:14867|exec:0|csum:01D82E1D5975CD832C9D765243E5182D
file:/vol/synopsys/fpga/O-2018.09-SP1/lib/altera/quartus_prime181/altera_primitives.v|io:i|time:1543381839|size:35286|exec:0|csum:C0AAD8CA21730C472D624582C058B929
file:./-fsysv|io:i|time:0|size:-1|exec:0|csum:
file:../../edge_detect_top.sv|io:i|time:1738813159|size:2605|exec:0|csum:DFDC24A27AD59C31981895E978560040
file:./-fsysv|io:i|time:0|size:-1|exec:0|csum:
file:../../fifo.sv|io:i|time:1644080212|size:2496|exec:0|csum:D5552D79385D51720D757D6A4E5DDD50
file:./-fsysv|io:i|time:0|size:-1|exec:0|csum:
file:../../gray_scale.sv|io:i|time:1738809541|size:835|exec:0|csum:FD929D3000397CD2EFCB9C6050570AEC
file:./-fsysv|io:i|time:0|size:-1|exec:0|csum:
file:../../manage_fifo.sv|io:i|time:1738809541|size:1476|exec:0|csum:8C61BB8DD13A3CF47C6F636A07B95F3E
file:./-fsysv|io:i|time:0|size:-1|exec:0|csum:
file:../../sobel.sv|io:i|time:1738815610|size:6044|exec:0|csum:856DB3D47E575FF7C1102E392D9B6A20
file:/vol/synopsys/fpga/O-2018.09-SP1/linux_a_64/c_hdl|io:i|time:1543382462|size:8760008|exec:1|csum:CF968C540087EF9F5288FFCDBF191EA5
file:/vol/synopsys/fpga/O-2018.09-SP1/bin/c_hdl|io:i|time:1543382354|size:367|exec:1|csum:E52A0D56112AD6C22F02B648B6F508CE
