###########################################################[

Copyright (C) 1994-2018 Synopsys, Inc.
This Synopsys software and all associated documentation are proprietary to Synopsys, Inc.
and may only be used pursuant to the terms and conditions of a written license agreement
with Synopsys, Inc. All other use, reproduction, modification, or distribution of the
Synopsys software or the associated documentation is strictly prohibited.
Tool: Synplify (R) Premier
Build: O-2018.09-SP1
Install: /vol/synopsys/fpga/O-2018.09-SP1
OS: Red Hat Enterprise Linux 8.10 (Ootpa)
Hostname: batman.ece.northwestern.edu
max virtual memory: unlimited (bytes)
max user processes: 126625
max stack size: 8388608 (bytes)


Implementation : rev_1
Synopsys Verilog Compiler, Version comp2018q4p1, Build 004R, Built Nov 27 2018 21:19:49

@N|Running in 64-bit mode
@N: CG1349 :	| Running Verilog Compiler in System Verilog mode

@N: CG1350 :	| Running Verilog Compiler in Multiple File Compilation Unit mode

@I::"/vol/synopsys/fpga/O-2018.09-SP1/lib/altera/altera.v" (library work)
@I::"/vol/synopsys/fpga/O-2018.09-SP1/lib/altera/quartus_prime181/cycloneive.v" (library work)
@I::"/vol/synopsys/fpga/O-2018.09-SP1/lib/altera/quartus_prime181/altera_mf.v" (library work)
@N: CG334 :"/vol/synopsys/fpga/O-2018.09-SP1/lib/altera/quartus_prime181/altera_mf.v":53001:16:53001:28|Read directive translate_off.
@N: CG333 :"/vol/synopsys/fpga/O-2018.09-SP1/lib/altera/quartus_prime181/altera_mf.v":53051:16:53051:27|Read directive translate_on.
@N: CG334 :"/vol/synopsys/fpga/O-2018.09-SP1/lib/altera/quartus_prime181/altera_mf.v":53060:16:53060:28|Read directive translate_off.
@N: CG333 :"/vol/synopsys/fpga/O-2018.09-SP1/lib/altera/quartus_prime181/altera_mf.v":53074:16:53074:27|Read directive translate_on.
@N: CG334 :"/vol/synopsys/fpga/O-2018.09-SP1/lib/altera/quartus_prime181/altera_mf.v":53221:20:53221:32|Read directive translate_off.
@N: CG333 :"/vol/synopsys/fpga/O-2018.09-SP1/lib/altera/quartus_prime181/altera_mf.v":53226:20:53226:31|Read directive translate_on.
@N: CG334 :"/vol/synopsys/fpga/O-2018.09-SP1/lib/altera/quartus_prime181/altera_mf.v":53229:20:53229:32|Read directive translate_off.
@N: CG333 :"/vol/synopsys/fpga/O-2018.09-SP1/lib/altera/quartus_prime181/altera_mf.v":53232:20:53232:31|Read directive translate_on.
@N: CG334 :"/vol/synopsys/fpga/O-2018.09-SP1/lib/altera/quartus_prime181/altera_mf.v":53346:20:53346:32|Read directive translate_off.
@N: CG333 :"/vol/synopsys/fpga/O-2018.09-SP1/lib/altera/quartus_prime181/altera_mf.v":53351:20:53351:31|Read directive translate_on.
@N: CG334 :"/vol/synopsys/fpga/O-2018.09-SP1/lib/altera/quartus_prime181/altera_mf.v":53354:20:53354:32|Read directive translate_off.
@N: CG333 :"/vol/synopsys/fpga/O-2018.09-SP1/lib/altera/quartus_prime181/altera_mf.v":53357:20:53357:31|Read directive translate_on.
@N: CG334 :"/vol/synopsys/fpga/O-2018.09-SP1/lib/altera/quartus_prime181/altera_mf.v":53446:20:53446:32|Read directive translate_off.
@N: CG333 :"/vol/synopsys/fpga/O-2018.09-SP1/lib/altera/quartus_prime181/altera_mf.v":53451:20:53451:31|Read directive translate_on.
@N: CG334 :"/vol/synopsys/fpga/O-2018.09-SP1/lib/altera/quartus_prime181/altera_mf.v":53454:20:53454:32|Read directive translate_off.
@N: CG333 :"/vol/synopsys/fpga/O-2018.09-SP1/lib/altera/quartus_prime181/altera_mf.v":53457:20:53457:31|Read directive translate_on.
@N: CG334 :"/vol/synopsys/fpga/O-2018.09-SP1/lib/altera/quartus_prime181/altera_mf.v":53545:20:53545:32|Read directive translate_off.
@N: CG333 :"/vol/synopsys/fpga/O-2018.09-SP1/lib/altera/quartus_prime181/altera_mf.v":53550:20:53550:31|Read directive translate_on.
@N: CG334 :"/vol/synopsys/fpga/O-2018.09-SP1/lib/altera/quartus_prime181/altera_mf.v":53553:20:53553:32|Read directive translate_off.
@N: CG333 :"/vol/synopsys/fpga/O-2018.09-SP1/lib/altera/quartus_prime181/altera_mf.v":53556:20:53556:31|Read directive translate_on.
@N: CG334 :"/vol/synopsys/fpga/O-2018.09-SP1/lib/altera/quartus_prime181/altera_mf.v":53642:20:53642:32|Read directive translate_off.
@N: CG333 :"/vol/synopsys/fpga/O-2018.09-SP1/lib/altera/quartus_prime181/altera_mf.v":53647:20:53647:31|Read directive translate_on.
@N: CG334 :"/vol/synopsys/fpga/O-2018.09-SP1/lib/altera/quartus_prime181/altera_mf.v":53650:20:53650:32|Read directive translate_off.
@N: CG333 :"/vol/synopsys/fpga/O-2018.09-SP1/lib/altera/quartus_prime181/altera_mf.v":53653:20:53653:31|Read directive translate_on.
@N: CG334 :"/vol/synopsys/fpga/O-2018.09-SP1/lib/altera/quartus_prime181/altera_mf.v":53861:12:53861:24|Read directive translate_off.
@N: CG333 :"/vol/synopsys/fpga/O-2018.09-SP1/lib/altera/quartus_prime181/altera_mf.v":53875:12:53875:23|Read directive translate_on.
@N: CG334 :"/vol/synopsys/fpga/O-2018.09-SP1/lib/altera/quartus_prime181/altera_mf.v":54140:12:54140:24|Read directive translate_off.
@N: CG333 :"/vol/synopsys/fpga/O-2018.09-SP1/lib/altera/quartus_prime181/altera_mf.v":54154:12:54154:23|Read directive translate_on.
@I::"/vol/synopsys/fpga/O-2018.09-SP1/lib/altera/quartus_prime181/altera_lpm.v" (library work)
@I::"/vol/synopsys/fpga/O-2018.09-SP1/lib/altera/quartus_prime181/altera_primitives.v" (library work)
@I::"/vol/synopsys/fpga/O-2018.09-SP1/lib/vlog/hypermods.v" (library __hyper__lib__)
@I::"/vol/synopsys/fpga/O-2018.09-SP1/lib/vlog/umr_capim.v" (library snps_haps)
@I::"/vol/synopsys/fpga/O-2018.09-SP1/lib/synip/hcei/zceistubs.v" (library snps_haps)
@I::"/vol/synopsys/fpga/O-2018.09-SP1/lib/vlog/scemi_objects.v" (library snps_haps)
@I::"/vol/synopsys/fpga/O-2018.09-SP1/lib/vlog/scemi_pipes.svh" (library snps_haps)
@I::"/home/dcc3637/Courses/CE_387/assignment4/uvm/sv/edge_detect_top.sv" (library work)
@I::"/home/dcc3637/Courses/CE_387/assignment4/uvm/sv/fifo.sv" (library work)
@I::"/home/dcc3637/Courses/CE_387/assignment4/uvm/sv/gray_scale.sv" (library work)
@I::"/home/dcc3637/Courses/CE_387/assignment4/uvm/sv/manage_fifo.sv" (library work)
@I::"/home/dcc3637/Courses/CE_387/assignment4/uvm/sv/sobel.sv" (library work)
Verilog syntax check successful!
@N:: Applying property .distcompmodetop with value 1 on module edge_detect_top in library work
@N:: Applying property .distcompnoprune with value 1 on module edge_detect_top in library work
@N:: Applying property .noprune with value 1 on module edge_detect_top in library work
@N:: Applying property .distcompnoprune with value 1 on module fifo in library work
@N:: Applying property .noprune with value 1 on module fifo in library work
@N:: Applying property .distcompnoprune with value 1 on module sobel in library work
@N:: Applying property .noprune with value 1 on module sobel in library work
@N:: Applying property .distcompnoprune with value 1 on module gray_scale in library work
@N:: Applying property .noprune with value 1 on module gray_scale in library work
@N:: Applying property .distcompnoprune with value 1 on module manage_fifo in library work
@N:: Applying property .noprune with value 1 on module manage_fifo in library work
Selecting top level module edge_detect_top
@N: CG364 :"/home/dcc3637/Courses/CE_387/assignment4/uvm/sv/fifo.sv":2:7:2:10|Synthesizing module fifo in library work.

	FIFO_DATA_WIDTH=32'b00000000000000000000000000011000
	FIFO_BUFFER_SIZE=32'b00000000000000000000000000000100
	FIFO_ADDR_WIDTH=32'b00000000000000000000000000000011
   Generated name = fifo_24s_4s_3s
Running optimization stage 1 on fifo_24s_4s_3s .......
@N: CL134 :"/home/dcc3637/Courses/CE_387/assignment4/uvm/sv/fifo.sv":35:4:35:12|Found RAM fifo_buf, depth=4, width=24
@N: CG364 :"/home/dcc3637/Courses/CE_387/assignment4/uvm/sv/manage_fifo.sv":1:7:1:17|Synthesizing module manage_fifo in library work.

	DATA_WIDTH=32'b00000000000000000000000000001000
	NUM_INPUTS=32'b00000000000000000000000000000001
	NUM_OUTPUTS=32'b00000000000000000000000000000001
   Generated name = manage_fifo_8s_1s_1s
Running optimization stage 1 on manage_fifo_8s_1s_1s .......
@N: CG364 :"/home/dcc3637/Courses/CE_387/assignment4/uvm/sv/gray_scale.sv":1:7:1:16|Synthesizing module gray_scale in library work.

	DATA_WIDTH=32'b00000000000000000000000000001000
   Generated name = gray_scale_8s
Running optimization stage 1 on gray_scale_8s .......
@N: CG364 :"/home/dcc3637/Courses/CE_387/assignment4/uvm/sv/fifo.sv":2:7:2:10|Synthesizing module fifo in library work.

	FIFO_DATA_WIDTH=32'b00000000000000000000000000001000
	FIFO_BUFFER_SIZE=32'b00000000000000000000000000000100
	FIFO_ADDR_WIDTH=32'b00000000000000000000000000000011
   Generated name = fifo_8s_4s_3s
Running optimization stage 1 on fifo_8s_4s_3s .......
@N: CL134 :"/home/dcc3637/Courses/CE_387/assignment4/uvm/sv/fifo.sv":35:4:35:12|Found RAM fifo_buf, depth=4, width=8
@N: CG364 :"/home/dcc3637/Courses/CE_387/assignment4/uvm/sv/sobel.sv":2:7:2:11|Synthesizing module sobel in library work.

	DATA_WIDTH=32'b00000000000000000000000000001000
	IMAGE_WIDTH=32'b00000000000000000000001011010000
	IMAGE_HEIGHT=32'b00000000000000000000001000011100
	KERNEL_LEN=32'b00000000000000000000000000000011
   Generated name = sobel_8s_720s_540s_3s
Running optimization stage 1 on sobel_8s_720s_540s_3s .......
@N: CG364 :"/home/dcc3637/Courses/CE_387/assignment4/uvm/sv/edge_detect_top.sv":1:7:1:21|Synthesizing module edge_detect_top in library work.
Running optimization stage 1 on edge_detect_top .......
Running optimization stage 2 on edge_detect_top .......
Running optimization stage 2 on sobel_8s_720s_540s_3s .......
@N: CL135 :"/home/dcc3637/Courses/CE_387/assignment4/uvm/sv/sobel.sv":138:2:138:10|Found sequential shift shift_reg with address depth of 717 words and data bit width of 8.
@N: CL135 :"/home/dcc3637/Courses/CE_387/assignment4/uvm/sv/sobel.sv":138:2:138:10|Found sequential shift shift_reg with address depth of 717 words and data bit width of 8.
@N: CL201 :"/home/dcc3637/Courses/CE_387/assignment4/uvm/sv/sobel.sv":138:2:138:10|Trying to extract state machine for register sobel_state.
Extracted state machine for register sobel_state
State machine has 4 reachable states with original encodings of:
   001
   010
   011
   100
Running optimization stage 2 on fifo_8s_4s_3s .......
Running optimization stage 2 on gray_scale_8s .......
Running optimization stage 2 on manage_fifo_8s_1s_1s .......
@N: CL201 :"/home/dcc3637/Courses/CE_387/assignment4/uvm/sv/manage_fifo.sv":63:2:63:10|Trying to extract state machine for register out_ff_state.
Extracted state machine for register out_ff_state
State machine has 2 reachable states with original encodings of:
   01
   10
Running optimization stage 2 on fifo_24s_4s_3s .......

For a summary of runtime and memory usage per design unit, please see file:
==========================================================
@L: /home/dcc3637/Courses/CE_387/assignment4/uvm/sv/rev_1/synwork//distcomp/distcomp0/distcomp0.rt.csv

@END

At c_ver Exit (Real Time elapsed 0h:00m:01s; CPU Time elapsed 0h:00m:01s; Memory used current: 105MB peak: 140MB)

Process took 0h:00m:01s realtime, 0h:00m:01s cputime

Process completed successfully.
# Wed Feb  5 22:43:59 2025

###########################################################]
